132212103210221
132212121331003
132212101301010
132212103130302
132203301112231
132212121332312
132212121230030
132203301201000
132212110001203
132210323332231
132212123100221
132212103032121
132212102311021
132212101121033
132210333230221
132212103312300
132212121020122
132212103200321
132212102331121
132212123012131
132212123010330
132212121330123
132212103221223
132212121123020
132212103100310
132212101311021
132203301203201
132212121033033
132210332312313
132203301311322
132212102302020
132210323312032
132212102330231
132212101032020
132212121333010
132203301213102
132210333220323
132212121101203
132212110300222
132203301033030
132210323120310
132212120131310
132203301312011
132210333221211
132210332123320
132212123003310
132212101132110
132203301201022
132212103100221
132203310023030
132212102311020
132212103013322
132212103023303
132212103220331
132212121032213
132212103102213
132212123001311
132203301212301
132212121001311
132212121322310
132210332311231
132212121023032
132203301122133
132212101103022
132210323212221
132212121011022
132212102132023
132203301210122
132212101103130
132212101231222
