132201222133122
132201222133213
132201222133221
132201222133231
132201222133303
132201222133310
132201222133312
132201222310131
132201222310210
132201222311001
132201222311011
132201222311212
132201222311213
132201222311230
132201222311313
132201222311321
132201222312030
132201222312031
132201222312123
132201222312211
132201222312213
132201222312313
132201222312322
132201222313011
132201222313100
132201222313302
132201222330011
132201223200031
132201223200033
132201223200202
132201223200203
132201223200221
132203301033030
132203301112231
132203301122133
132203301130211
132203301132302
132203301210122
132203301212301
132203301213102
132203301213302
132203301311130
132203301311322
132203301312011
132203301330223
132203310002310
132203310020030
132203310023030
132210323022112
132210323033212
132210323120310
132210323211100
132210323212221
132210323310222
132210323312032
132210323332220
132210323332231
132210332123320
132210332223003
132210332311231
132210332312313
132210333220323
132210333221211
132210333230221
132210333232332
132212101000231
132212101032020
132212101103022
132212101103130
132212101121033
132212101132110
132212101213203
132212101231222
132212101301010
132212101311021
132212102132023
132212102302313
132212102311020
132212102311021
132212102311303
132212102330231
132212102331121
132212103013301
132212103013322
132212103023303
132212103032121
132212103100221
132212103112312
132212103130302
132212103210221
132212103220331
132212103221223
132212103222203
132212103233130
132212103312300
132212103330222
132212103331121
132212110001203
132212110110321
132212120131310
132212121001311
132212121002032
132212121011022
132212121011131
132212121013110
132212121013121
132212121021111
132212121023032
132212121032213
132212121033033
132212121201031
132212121203030
132212121230030
132212123001311
132212123003310
132212123010330
132212123012131
300110313332033
300110313333201
300110313333330
300110313333331
300110313333333
300110331110330
300110331111110
300110331111111
300110331111121
300110331111122
300110331111123
300110331111130
300111202220300
300111202220302
300111202220322
300111202222113
300111202222131
300111202222223
300111202222233
300111202223020
300111202223022
300111202223031
300111202223212
300111202223213
300111220000020
300111220000133
300111220000331
300111220001200
300111220001202
300111220001230
